This is pdfTeX, Version 3.14159265-2.6-1.40.21 (TeX Live 2020/Debian) (preloaded format=pdflatex 2021.10.18)  20 DEC 2021 19:13
entering extended mode
 restricted \write18 enabled.
 file:line:error style messages enabled.
 %&-line parsing enabled.
**relatorio.tex
(./relatorio.tex
LaTeX2e <2020-10-01> patch level 4
L3 programming layer <2021-01-09> xparse <2020-03-03>
(/usr/share/texlive/texmf-dist/tex/latex/base/report.cls
Document Class: report 2020/04/10 v1.4m Standard LaTeX document class
(/usr/share/texlive/texmf-dist/tex/latex/base/size10.clo
File: size10.clo 2020/04/10 v1.4m Standard LaTeX file (size option)
)
\c@part=\count177
\c@chapter=\count178
\c@section=\count179
\c@subsection=\count180
\c@subsubsection=\count181
\c@paragraph=\count182
\c@subparagraph=\count183
\c@figure=\count184
\c@table=\count185
\abovecaptionskip=\skip47
\belowcaptionskip=\skip48
\bibindent=\dimen138
)
(/usr/share/texlive/texmf-dist/tex/latex/geometry/geometry.sty
Package: geometry 2020/01/02 v5.9 Page Geometry

(/usr/share/texlive/texmf-dist/tex/latex/graphics/keyval.sty
Package: keyval 2014/10/28 v1.15 key=value parser (DPC)
\KV@toks@=\toks15
)
(/usr/share/texlive/texmf-dist/tex/generic/iftex/ifvtex.sty
Package: ifvtex 2019/10/25 v1.7 ifvtex legacy package. Use iftex instead.

(/usr/share/texlive/texmf-dist/tex/generic/iftex/iftex.sty
Package: iftex 2020/03/06 v1.0d TeX engine tests
))
\Gm@cnth=\count186
\Gm@cntv=\count187
\c@Gm@tempcnt=\count188
\Gm@bindingoffset=\dimen139
\Gm@wd@mp=\dimen140
\Gm@odd@mp=\dimen141
\Gm@even@mp=\dimen142
\Gm@layoutwidth=\dimen143
\Gm@layoutheight=\dimen144
\Gm@layouthoffset=\dimen145
\Gm@layoutvoffset=\dimen146
\Gm@dimlist=\toks16
)
(/usr/share/texlive/texmf-dist/tex/latex/base/fontenc.sty
Package: fontenc 2020/08/10 v2.0s Standard LaTeX package
)
(/usr/share/texlive/texmf-dist/tex/latex/base/inputenc.sty
Package: inputenc 2020/08/01 v1.3d Input encoding file
\inpenc@prehook=\toks17
\inpenc@posthook=\toks18
)
(/usr/share/texlive/texmf-dist/tex/latex/csquotes/csquotes.sty
Package: csquotes 2021-01-04 v5.2k context-sensitive quotations (JAW)

(/usr/share/texlive/texmf-dist/tex/latex/etoolbox/etoolbox.sty
Package: etoolbox 2020/10/05 v2.5k e-TeX tools for LaTeX (JAW)
\etb@tempcnta=\count189
)
\csq@reset=\count190
\csq@gtype=\count191
\csq@glevel=\count192
\csq@qlevel=\count193
\csq@maxlvl=\count194
\csq@tshold=\count195
\csq@ltx@everypar=\toks19

(/usr/share/texlive/texmf-dist/tex/latex/csquotes/csquotes.def
File: csquotes.def 2021-01-04 v5.2k csquotes generic definitions (JAW)
)
Package csquotes Info: Trying to load configuration file 'csquotes.cfg'...
Package csquotes Info: ... configuration file loaded successfully.

(/usr/share/texlive/texmf-dist/tex/latex/csquotes/csquotes.cfg
File: csquotes.cfg 
))
(/usr/share/texlive/texmf-dist/tex/generic/babel/babel.sty
Package: babel 2021/01/26 3.53 The Babel package

(/usr/share/texlive/texmf-dist/tex/generic/babel/babel.def
File: babel.def 2021/01/26 3.53 Babel common definitions
\babel@savecnt=\count196
\U@D=\dimen147
\l@babelnohyphens=\language4

(/usr/share/texlive/texmf-dist/tex/generic/babel/txtbabel.def)
\bbl@readstream=\read2
)
\bbl@dirlevel=\count197

(/usr/share/texlive/texmf-dist/tex/generic/babel-portuges/portuguese.ldf
Language: portuges 2020/05/04 v1.2r Portuguese support from the babel system
Package babel Info: Making " an active character on input line 143.
))
(/usr/share/texlive/texmf-dist/tex/latex/blindtext/blindtext.sty
Package: blindtext 2012/01/06 V2.0 blindtext-Package

(/usr/share/texlive/texmf-dist/tex/latex/tools/xspace.sty
Package: xspace 2014/10/28 v1.13 Space after command names (DPC,MH)
)
\c@blindtext=\count198
\c@Blindtext=\count199
\c@blind@countparstart=\count266
\blind@countxx=\count267
\blindtext@numBlindtext=\count268
\blind@countyy=\count269
\c@blindlist=\count270
\c@blindlistlevel=\count271
\c@blindlist@level=\count272
\blind@listitem=\count273
\c@blind@listcount=\count274
\c@blind@levelcount=\count275
\blind@mathformula=\count276
\blind@Mathformula=\count277
\c@blind@randomcount=\count278
\c@blind@randommax=\count279
\c@blind@pangramcount=\count280
\c@blind@pangrammax=\count281
)
(/usr/share/texlive/texmf-dist/tex/latex/acronym/acronym.sty
Package: acronym 2020/04/17 v1.47 Support for acronyms (Tobias Oetiker)

(/usr/share/texlive/texmf-dist/tex/latex/bigfoot/suffix.sty
Package: suffix 2006/07/15 1.5a Variant command support
)
(/usr/share/texlive/texmf-dist/tex/generic/xstring/xstring.sty
(/usr/share/texlive/texmf-dist/tex/generic/xstring/xstring.tex
\integerpart=\count282
\decimalpart=\count283
)
Package: xstring 2019/02/06 v1.83 String manipulations (CT)
)
\AC@clearlist=\toks20
)
(/usr/share/texlive/texmf-dist/tex/latex/hyperref/hyperref.sty
Package: hyperref 2020-05-15 v7.00e Hypertext links for LaTeX

(/usr/share/texlive/texmf-dist/tex/generic/ltxcmds/ltxcmds.sty
Package: ltxcmds 2020-05-10 v1.25 LaTeX kernel commands for general use (HO)
)
(/usr/share/texlive/texmf-dist/tex/generic/pdftexcmds/pdftexcmds.sty
Package: pdftexcmds 2020-06-27 v0.33 Utility functions of pdfTeX for LuaTeX (HO
)

(/usr/share/texlive/texmf-dist/tex/generic/infwarerr/infwarerr.sty
Package: infwarerr 2019/12/03 v1.5 Providing info/warning/error messages (HO)
)
Package pdftexcmds Info: \pdf@primitive is available.
Package pdftexcmds Info: \pdf@ifprimitive is available.
Package pdftexcmds Info: \pdfdraftmode found.
)
(/usr/share/texlive/texmf-dist/tex/generic/kvsetkeys/kvsetkeys.sty
Package: kvsetkeys 2019/12/15 v1.18 Key value parser (HO)
)
(/usr/share/texlive/texmf-dist/tex/generic/kvdefinekeys/kvdefinekeys.sty
Package: kvdefinekeys 2019-12-19 v1.6 Define keys (HO)
)
(/usr/share/texlive/texmf-dist/tex/generic/pdfescape/pdfescape.sty
Package: pdfescape 2019/12/09 v1.15 Implements pdfTeX's escape features (HO)
)
(/usr/share/texlive/texmf-dist/tex/latex/hycolor/hycolor.sty
Package: hycolor 2020-01-27 v1.10 Color options for hyperref/bookmark (HO)
)
(/usr/share/texlive/texmf-dist/tex/latex/letltxmacro/letltxmacro.sty
Package: letltxmacro 2019/12/03 v1.6 Let assignment for LaTeX macros (HO)
)
(/usr/share/texlive/texmf-dist/tex/latex/auxhook/auxhook.sty
Package: auxhook 2019-12-17 v1.6 Hooks for auxiliary files (HO)
)
(/usr/share/texlive/texmf-dist/tex/latex/kvoptions/kvoptions.sty
Package: kvoptions 2020-10-07 v3.14 Key value format for package options (HO)
)
\@linkdim=\dimen148
\Hy@linkcounter=\count284
\Hy@pagecounter=\count285

(/usr/share/texlive/texmf-dist/tex/latex/hyperref/pd1enc.def
File: pd1enc.def 2020-05-15 v7.00e Hyperref: PDFDocEncoding definition (HO)
Now handling font encoding PD1 ...
... no UTF-8 mapping file for font encoding PD1
)
(/usr/share/texlive/texmf-dist/tex/generic/intcalc/intcalc.sty
Package: intcalc 2019/12/15 v1.3 Expandable calculations with integers (HO)
)
(/usr/share/texlive/texmf-dist/tex/generic/etexcmds/etexcmds.sty
Package: etexcmds 2019/12/15 v1.7 Avoid name clashes with e-TeX commands (HO)
)
\Hy@SavedSpaceFactor=\count286
Package hyperref Info: Hyper figures OFF on input line 4464.
Package hyperref Info: Link nesting OFF on input line 4469.
Package hyperref Info: Hyper index ON on input line 4472.
Package hyperref Info: Plain pages OFF on input line 4479.
Package hyperref Info: Backreferencing OFF on input line 4484.
Package hyperref Info: Implicit mode ON; LaTeX internals redefined.
Package hyperref Info: Bookmarks ON on input line 4717.
\c@Hy@tempcnt=\count287

(/usr/share/texlive/texmf-dist/tex/latex/url/url.sty
\Urlmuskip=\muskip16
Package: url 2013/09/16  ver 3.4  Verb mode for urls, etc.
)
LaTeX Info: Redefining \url on input line 5076.
\XeTeXLinkMargin=\dimen149

(/usr/share/texlive/texmf-dist/tex/generic/bitset/bitset.sty
Package: bitset 2019/12/09 v1.3 Handle bit-vector datatype (HO)

(/usr/share/texlive/texmf-dist/tex/generic/bigintcalc/bigintcalc.sty
Package: bigintcalc 2019/12/15 v1.5 Expandable calculations on big integers (HO
)
))
\Fld@menulength=\count288
\Field@Width=\dimen150
\Fld@charsize=\dimen151
Package hyperref Info: Hyper figures OFF on input line 6347.
Package hyperref Info: Link nesting OFF on input line 6352.
Package hyperref Info: Hyper index ON on input line 6355.
Package hyperref Info: backreferencing OFF on input line 6362.
Package hyperref Info: Link coloring OFF on input line 6367.
Package hyperref Info: Link coloring with OCG OFF on input line 6372.
Package hyperref Info: PDF/A mode OFF on input line 6377.
LaTeX Info: Redefining \ref on input line 6417.
LaTeX Info: Redefining \pageref on input line 6421.

(/usr/share/texlive/texmf-dist/tex/latex/base/atbegshi-ltx.sty
Package: atbegshi-ltx 2020/08/17 v1.0a Emulation of the original atbegshi packa
ge
with kernel methods
)
\Hy@abspage=\count289
\c@Item=\count290
\c@Hfootnote=\count291
)
Package hyperref Info: Driver (autodetected): hpdftex.

(/usr/share/texlive/texmf-dist/tex/latex/hyperref/hpdftex.def
File: hpdftex.def 2020-05-15 v7.00e Hyperref driver for pdfTeX

(/usr/share/texlive/texmf-dist/tex/latex/base/atveryend-ltx.sty
Package: atveryend-ltx 2020/08/19 v1.0a Emulation of the original atvery packag
e
with kernel methods
)
\Fld@listcount=\count292
\c@bookmark@seq@number=\count293

(/usr/share/texlive/texmf-dist/tex/latex/rerunfilecheck/rerunfilecheck.sty
Package: rerunfilecheck 2019/12/05 v1.9 Rerun checks for auxiliary files (HO)

(/usr/share/texlive/texmf-dist/tex/generic/uniquecounter/uniquecounter.sty
Package: uniquecounter 2019/12/15 v1.4 Provide unlimited unique counter (HO)
)
Package uniquecounter Info: New unique counter `rerunfilecheck' on input line 2
86.
)
\Hy@SectionHShift=\skip49
)
(/usr/share/texlive/texmf-dist/tex/latex/graphics/graphicx.sty
Package: graphicx 2020/09/09 v1.2b Enhanced LaTeX Graphics (DPC,SPQR)

(/usr/share/texlive/texmf-dist/tex/latex/graphics/graphics.sty
Package: graphics 2020/08/30 v1.4c Standard LaTeX Graphics (DPC,SPQR)

(/usr/share/texlive/texmf-dist/tex/latex/graphics/trig.sty
Package: trig 2016/01/03 v1.10 sin cos tan (DPC)
)
(/usr/share/texlive/texmf-dist/tex/latex/graphics-cfg/graphics.cfg
File: graphics.cfg 2016/06/04 v1.11 sample graphics configuration
)
Package graphics Info: Driver file: pdftex.def on input line 105.

(/usr/share/texlive/texmf-dist/tex/latex/graphics-def/pdftex.def
File: pdftex.def 2020/10/05 v1.2a Graphics/color driver for pdftex
))
\Gin@req@height=\dimen152
\Gin@req@width=\dimen153
)
(/usr/share/texlive/texmf-dist/tex/latex/caption/subcaption.sty
Package: subcaption 2020/10/07 v1.3j Sub-captions (AR)

(/usr/share/texlive/texmf-dist/tex/latex/caption/caption.sty
Package: caption 2020/10/26 v3.5g Customizing captions (AR)

(/usr/share/texlive/texmf-dist/tex/latex/caption/caption3.sty
Package: caption3 2020/10/21 v2.2e caption3 kernel (AR)
\captionmargin=\dimen154
\captionmargin@=\dimen155
\captionwidth=\dimen156
\caption@tempdima=\dimen157
\caption@indent=\dimen158
\caption@parindent=\dimen159
\caption@hangindent=\dimen160
Package caption Info: Standard document class detected.
)
\c@caption@flags=\count294
\c@continuedfloat=\count295
Package caption Info: hyperref package is loaded.
)
\c@subfigure=\count296
\c@subtable=\count297
)
(/usr/share/texlive/texmf-dist/tex/latex/float/float.sty
Package: float 2001/11/08 v1.3d Float enhancements (AL)
\c@float@type=\count298
\float@exts=\toks21
\float@box=\box47
\@float@everytoks=\toks22
\@floatcapt=\box48
)
Package csquotes Info: Checking for multilingual support...
Package csquotes Info: ... found 'babel' package.
Package csquotes Info: Adjusting default style.
Package csquotes Info: Redefining alias 'default' -> 'portuguese'.

(/usr/share/texlive/texmf-dist/tex/latex/l3backend/l3backend-pdftex.def
File: l3backend-pdftex.def 2020-01-29 L3 backend support: PDF output (pdfTeX)
\l__color_backend_stack_int=\count299
\l__pdf_internal_box=\box49
)
(./relatorio.aux

LaTeX Warning: Label `chap.introducao' multiply defined.


LaTeX Warning: Label `fig.nav' multiply defined.


LaTeX Warning: Label `fig.nav' multiply defined.


LaTeX Warning: Label `fig.nav' multiply defined.


LaTeX Warning: Label `fig.nav' multiply defined.


LaTeX Warning: Label `fig.nav' multiply defined.


LaTeX Warning: Label `fig.nav' multiply defined.


LaTeX Warning: Label `fig.nav' multiply defined.


LaTeX Warning: Label `fig.nav' multiply defined.


LaTeX Warning: Label `fig.nav' multiply defined.


LaTeX Warning: Label `fig.nav' multiply defined.


LaTeX Warning: Label `fig.nav' multiply defined.


LaTeX Warning: Label `fig.nav' multiply defined.


LaTeX Warning: Label `fig.nav' multiply defined.


LaTeX Warning: Label `fig.nav' multiply defined.


LaTeX Warning: Label `fig.nav' multiply defined.


LaTeX Warning: Label `fig.nav' multiply defined.


LaTeX Warning: Label `fig.nav' multiply defined.


LaTeX Warning: Label `fig.nav' multiply defined.


LaTeX Warning: Label `fig.nav' multiply defined.


LaTeX Warning: Label `fig.nav' multiply defined.


LaTeX Warning: Label `fig.nav' multiply defined.


LaTeX Warning: Label `fig.nav' multiply defined.


LaTeX Warning: Label `fig.nav' multiply defined.


LaTeX Warning: Label `fig.nav' multiply defined.


LaTeX Warning: Label `fig.nav' multiply defined.


LaTeX Warning: Label `fig.nav' multiply defined.


LaTeX Warning: Label `fig.nav' multiply defined.


LaTeX Warning: Label `fig.nav' multiply defined.


LaTeX Warning: Label `fig.nav' multiply defined.


LaTeX Warning: Label `fig.nav' multiply defined.


LaTeX Warning: Label `fig.nav' multiply defined.


LaTeX Warning: Label `fig.nav' multiply defined.


LaTeX Warning: Label `fig.nav' multiply defined.

)
\openout1 = `relatorio.aux'.

LaTeX Font Info:    Checking defaults for OML/cmm/m/it on input line 18.
LaTeX Font Info:    ... okay on input line 18.
LaTeX Font Info:    Checking defaults for OMS/cmsy/m/n on input line 18.
LaTeX Font Info:    ... okay on input line 18.
LaTeX Font Info:    Checking defaults for OT1/cmr/m/n on input line 18.
LaTeX Font Info:    ... okay on input line 18.
LaTeX Font Info:    Checking defaults for T1/cmr/m/n on input line 18.
LaTeX Font Info:    ... okay on input line 18.
LaTeX Font Info:    Checking defaults for TS1/cmr/m/n on input line 18.
LaTeX Font Info:    ... okay on input line 18.
LaTeX Font Info:    Checking defaults for OMX/cmex/m/n on input line 18.
LaTeX Font Info:    ... okay on input line 18.
LaTeX Font Info:    Checking defaults for U/cmr/m/n on input line 18.
LaTeX Font Info:    ... okay on input line 18.
LaTeX Font Info:    Checking defaults for PD1/pdf/m/n on input line 18.
LaTeX Font Info:    ... okay on input line 18.

*geometry* driver: auto-detecting
*geometry* detected driver: pdftex
*geometry* verbose mode - [ preamble ] result:
* driver: pdftex
* paper: <default>
* layout: <same size as paper>
* layoutoffset:(h,v)=(0.0pt,0.0pt)
* modes: 
* h-part:(L,W,R)=(72.26999pt, 469.75502pt, 72.26999pt)
* v-part:(T,H,B)=(72.26999pt, 650.43001pt, 72.26999pt)
* \paperwidth=614.295pt
* \paperheight=794.96999pt
* \textwidth=469.75502pt
* \textheight=650.43001pt
* \oddsidemargin=0.0pt
* \evensidemargin=0.0pt
* \topmargin=-37.0pt
* \headheight=12.0pt
* \headsep=25.0pt
* \topskip=10.0pt
* \footskip=30.0pt
* \marginparwidth=65.0pt
* \marginparsep=11.0pt
* \columnsep=10.0pt
* \skip\footins=9.0pt plus 4.0pt minus 2.0pt
* \hoffset=0.0pt
* \voffset=0.0pt
* \mag=1000
* \@twocolumnfalse
* \@twosidefalse
* \@mparswitchfalse
* \@reversemarginfalse
* (1in=72.27pt=25.4mm, 1cm=28.453pt)

Package hyperref Info: Link coloring OFF on input line 18.
(/usr/share/texlive/texmf-dist/tex/latex/hyperref/nameref.sty
Package: nameref 2019/09/16 v2.46 Cross-referencing by name of section

(/usr/share/texlive/texmf-dist/tex/latex/refcount/refcount.sty
Package: refcount 2019/12/15 v3.6 Data extraction from label references (HO)
)
(/usr/share/texlive/texmf-dist/tex/generic/gettitlestring/gettitlestring.sty
Package: gettitlestring 2019/12/15 v1.6 Cleanup title references (HO)
)
\c@section@level=\count300
)
LaTeX Info: Redefining \ref on input line 18.
LaTeX Info: Redefining \pageref on input line 18.
LaTeX Info: Redefining \nameref on input line 18.

(./relatorio.out) (./relatorio.out)
\@outlinefile=\write3
\openout3 = `relatorio.out'.


(/usr/share/texlive/texmf-dist/tex/context/base/mkii/supp-pdf.mkii
[Loading MPS to PDF converter (version 2006.09.02).]
\scratchcounter=\count301
\scratchdimen=\dimen161
\scratchbox=\box50
\nofMPsegments=\count302
\nofMParguments=\count303
\everyMPshowfont=\toks23
\MPscratchCnt=\count304
\MPscratchDim=\dimen162
\MPnumerator=\count305
\makeMPintoPDFobject=\count306
\everyMPtoPDFconversion=\toks24
) (/usr/share/texlive/texmf-dist/tex/latex/epstopdf-pkg/epstopdf-base.sty
Package: epstopdf-base 2020-01-24 v2.11 Base part for package epstopdf
Package epstopdf-base Info: Redefining graphics rule for `.eps' on input line 4
85.

(/usr/share/texlive/texmf-dist/tex/latex/latexconfig/epstopdf-sys.cfg
File: epstopdf-sys.cfg 2010/07/13 v1.3 Configuration of (r)epstopdf for TeX Liv
e
))
Package caption Info: Begin \AtBeginDocument code.
Package caption Info: float package is loaded.
Package caption Info: End \AtBeginDocument code.
<./imagens//logo-isec.png, id=68, 411.5375pt x 125.46875pt>
File: ./imagens//logo-isec.png Graphic file (type png)
<use ./imagens//logo-isec.png>
Package pdftex.def Info: ./imagens//logo-isec.png  used on input line 21.
(pdftex.def)             Requested size: 281.85587pt x 85.93216pt.

[1

{/var/lib/texmf/fonts/map/pdftex/updmap/pdftex.map} <./imagens//logo-isec.png>]
 (./relatorio.toc
LaTeX Font Info:    External font `cmex10' loaded for size
(Font)              <7> on input line 7.
LaTeX Font Info:    External font `cmex10' loaded for size
(Font)              <5> on input line 7.
)
\tf@toc=\write4
\openout4 = `relatorio.toc'.

 [1

] (./relatorio.lof)
\tf@lof=\write5
\openout5 = `relatorio.lof'.

 [2

]
Cap\'{\i }tulo 1.
pdfTeX warning (ext4): destination with the same identifier (name{page.1}) has 
been already used, duplicate ignored
<to be read again> 
                   \relax 
l.73 \chapter
             {Desenvolvimento}\label{Uma label qualquer} [1


]
Cap\'{\i }tulo 2.
[2

]
<imagens/aplicacao_web/index.png, id=196, 829.6596pt x 478.4274pt>
File: imagens/aplicacao_web/index.png Graphic file (type png)
<use imagens/aplicacao_web/index.png>
Package pdftex.def Info: imagens/aplicacao_web/index.png  used on input line 13
4.
(pdftex.def)             Requested size: 341.43306pt x 196.88652pt.
<imagens/aplicacao_web/carrinho.png, id=197, 867.24pt x 438.6789pt>
File: imagens/aplicacao_web/carrinho.png Graphic file (type png)
<use imagens/aplicacao_web/carrinho.png>
Package pdftex.def Info: imagens/aplicacao_web/carrinho.png  used on input line
 142.
(pdftex.def)             Requested size: 341.43306pt x 172.71063pt.
 [3 <./imagens/aplicacao_web/index.png (PNG copy)>]
<imagens/haproxy_config.png, id=205, 1105.0083pt x 474.0912pt>
File: imagens/haproxy_config.png Graphic file (type png)
<use imagens/haproxy_config.png>
Package pdftex.def Info: imagens/haproxy_config.png  used on input line 181.
(pdftex.def)             Requested size: 455.24408pt x 195.31184pt.
 [4 <./imagens/aplicacao_web/carrinho.png (PNG copy)>]
<imagens/haproxy_stats.png, id=213, 1144.7568pt x 464.6961pt>
File: imagens/haproxy_stats.png Graphic file (type png)
<use imagens/haproxy_stats.png>
Package pdftex.def Info: imagens/haproxy_stats.png  used on input line 190.
(pdftex.def)             Requested size: 483.69684pt x 196.34808pt.

Overfull \hbox (13.94182pt too wide) in paragraph at lines 190--191
 [] 
 []

<imagens/keepalived_config.png, id=214, 631.6398pt x 527.571pt>
File: imagens/keepalived_config.png Graphic file (type png)
<use imagens/keepalived_config.png>
Package pdftex.def Info: imagens/keepalived_config.png  used on input line 203.

(pdftex.def)             Requested size: 341.43306pt x 285.18195pt.
[5 <./imagens/haproxy_config.png (PNG copy)> <./imagens/haproxy_stats.png (PNG 
copy)>]
Underfull \hbox (badness 10000) in paragraph at lines 208--209

 []

<imagens/experiencias/01_1.png, id=220, 861.4584pt x 471.2004pt>
File: imagens/experiencias/01_1.png Graphic file (type png)
<use imagens/experiencias/01_1.png>
Package pdftex.def Info: imagens/experiencias/01_1.png  used on input line 225.

(pdftex.def)             Requested size: 341.43306pt x 186.75842pt.
[6 <./imagens/keepalived_config.png (PNG copy)>]
<imagens/experiencias/01_wireshark.png, id=227, 993.7125pt x 129.3633pt>
File: imagens/experiencias/01_wireshark.png Graphic file (type png)
<use imagens/experiencias/01_wireshark.png>
Package pdftex.def Info: imagens/experiencias/01_wireshark.png  used on input l
ine 239.
(pdftex.def)             Requested size: 455.24408pt x 59.26503pt.
<imagens/experiencias/01_spof.png, id=228, 950.3505pt x 472.6458pt>
File: imagens/experiencias/01_spof.png Graphic file (type png)
<use imagens/experiencias/01_spof.png>
Package pdftex.def Info: imagens/experiencias/01_spof.png  used on input line 2
55.
(pdftex.def)             Requested size: 341.43306pt x 169.80618pt.
 [7 <./imagens/experiencias/01_1.png (PNG copy)> <./imagens/experiencias/01_wir
eshark.png (PNG copy)>]
<imagens/experiencias/02_01.png, id=236, 829.6596pt x 453.1329pt>
File: imagens/experiencias/02_01.png Graphic file (type png)
<use imagens/experiencias/02_01.png>
Package pdftex.def Info: imagens/experiencias/02_01.png  used on input line 267
.
(pdftex.def)             Requested size: 341.43306pt x 186.47711pt.
<imagens/experiencias/02_02.png, id=237, 824.6007pt x 458.9145pt>
File: imagens/experiencias/02_02.png Graphic file (type png)
<use imagens/experiencias/02_02.png>
Package pdftex.def Info: imagens/experiencias/02_02.png  used on input line 274
.
(pdftex.def)             Requested size: 341.43306pt x 190.01181pt.

[8 <./imagens/experiencias/01_spof.png (PNG copy)> <./imagens/experiencias/02_0
1.png (PNG copy)>]
<imagens/experiencias/02_wireshark.png, id=242, 644.6484pt x 348.3414pt>
File: imagens/experiencias/02_wireshark.png Graphic file (type png)
<use imagens/experiencias/02_wireshark.png>
Package pdftex.def Info: imagens/experiencias/02_wireshark.png  used on input l
ine 286.
(pdftex.def)             Requested size: 341.43306pt x 184.4978pt.
<imagens/experiencias/02_terminal.png, id=243, 969.1407pt x 699.5736pt>
File: imagens/experiencias/02_terminal.png Graphic file (type png)
<use imagens/experiencias/02_terminal.png>
Package pdftex.def Info: imagens/experiencias/02_terminal.png  used on input li
ne 293.
(pdftex.def)             Requested size: 398.33858pt x 287.54222pt.
 [9 <./imagens/experiencias/02_02.png (PNG copy)> <./imagens/experiencias/02_wi
reshark.png (PNG copy)>]
<imagens/experiencias/02_wireshark_haproxy_desligado.png, id=249, 641.7576pt x 
333.1647pt>
File: imagens/experiencias/02_wireshark_haproxy_desligado.png Graphic file (typ
e png)
<use imagens/experiencias/02_wireshark_haproxy_desligado.png>
Package pdftex.def Info: imagens/experiencias/02_wireshark_haproxy_desligado.pn
g  used on input line 304.
(pdftex.def)             Requested size: 341.43306pt x 177.25256pt.
<imagens/experiencias/02_terminal_haproxy_desligado.png, id=250, 782.6841pt x 5
59.3698pt>
File: imagens/experiencias/02_terminal_haproxy_desligado.png Graphic file (type
 png)
<use imagens/experiencias/02_terminal_haproxy_desligado.png>
Package pdftex.def Info: imagens/experiencias/02_terminal_haproxy_desligado.png
  used on input line 311.
(pdftex.def)             Requested size: 398.33858pt x 284.69441pt.
 [10 <./imagens/experiencias/02_terminal.png (PNG copy)> <./imagens/experiencia
s/02_wireshark_haproxy_desligado.png (PNG copy)>]
<imagens/experiencias/02_wireshark_haproxy_retomado.png, id=257, 647.5392pt x 3
25.215pt>
File: imagens/experiencias/02_wireshark_haproxy_retomado.png Graphic file (type
 png)
<use imagens/experiencias/02_wireshark_haproxy_retomado.png>
Package pdftex.def Info: imagens/experiencias/02_wireshark_haproxy_retomado.png
  used on input line 321.
(pdftex.def)             Requested size: 341.43306pt x 171.47981pt.
<imagens/experiencias/02_terminal_haproxy_retomado.png, id=258, 782.6841pt x 56
0.8152pt>
File: imagens/experiencias/02_terminal_haproxy_retomado.png Graphic file (type 
png)
<use imagens/experiencias/02_terminal_haproxy_retomado.png>
Package pdftex.def Info: imagens/experiencias/02_terminal_haproxy_retomado.png 
 used on input line 328.
(pdftex.def)             Requested size: 398.33858pt x 285.43007pt.
 [11 <./imagens/experiencias/02_terminal_haproxy_desligado.png (PNG copy)> <./i
magens/experiencias/02_wireshark_haproxy_retomado.png (PNG copy)>]
<imagens/experiencias/02_spof.png, id=264, 830.3823pt x 469.755pt>
File: imagens/experiencias/02_spof.png Graphic file (type png)
<use imagens/experiencias/02_spof.png>
Package pdftex.def Info: imagens/experiencias/02_spof.png  used on input line 3
39.
(pdftex.def)             Requested size: 341.43306pt x 193.15273pt.

[12 <./imagens/experiencias/02_terminal_haproxy_retomado.png (PNG copy)> <./ima
gens/experiencias/02_spof.png (PNG copy)>]
<imagens/galeracluster_01.png, id=271, 682.2288pt x 347.6187pt>
File: imagens/galeracluster_01.png Graphic file (type png)
<use imagens/galeracluster_01.png>
Package pdftex.def Info: imagens/galeracluster_01.png  used on input line 355.
(pdftex.def)             Requested size: 341.43306pt x 173.97334pt.
<imagens/galeracluster_02.png, id=272, 685.1196pt x 353.4003pt>
File: imagens/galeracluster_02.png Graphic file (type png)
<use imagens/galeracluster_02.png>
Package pdftex.def Info: imagens/galeracluster_02.png  used on input line 365.
(pdftex.def)             Requested size: 341.43306pt x 176.12271pt.
<imagens/galeracluster_03.png, id=273, 845.559pt x 161.8848pt>
File: imagens/galeracluster_03.png Graphic file (type png)
<use imagens/galeracluster_03.png>
Package pdftex.def Info: imagens/galeracluster_03.png  used on input line 375.
(pdftex.def)             Requested size: 341.43306pt x 65.3703pt.
 [13 <./imagens/galeracluster_01.png (PNG copy)> <./imagens/galeracluster_02.pn
g (PNG copy)>]
<imagens/haproxy_config_03.png, id=282, 644.6484pt x 307.8702pt>
File: imagens/haproxy_config_03.png Graphic file (type png)
<use imagens/haproxy_config_03.png>
Package pdftex.def Info: imagens/haproxy_config_03.png  used on input line 386.

(pdftex.def)             Requested size: 341.43306pt x 163.06236pt.
<imagens/experiencias/03_1.png, id=283, 718.3638pt x 304.9794pt>
File: imagens/experiencias/03_1.png Graphic file (type png)
<use imagens/experiencias/03_1.png>
Package pdftex.def Info: imagens/experiencias/03_1.png  used on input line 396.

(pdftex.def)             Requested size: 398.33858pt x 169.11665pt.
 [14 <./imagens/galeracluster_03.png (PNG copy)> <./imagens/haproxy_config_03.p
ng (PNG copy)> <./imagens/experiencias/03_1.png (PNG copy)>]
Underfull \hbox (badness 10000) in paragraph at lines 403--404

 []

<imagens/experiencias/03_primeira_conexao_e_query.png, id=291, 1196.7912pt x 18
2.1204pt>
File: imagens/experiencias/03_primeira_conexao_e_query.png Graphic file (type p
ng)
<use imagens/experiencias/03_primeira_conexao_e_query.png>
Package pdftex.def Info: imagens/experiencias/03_primeira_conexao_e_query.png  
used on input line 410.
(pdftex.def)             Requested size: 455.24408pt x 69.27594pt.
<imagens/experiencias/03_atualizada_a_pagina.png, id=292, 693.792pt x 63.5976pt
>
File: imagens/experiencias/03_atualizada_a_pagina.png Graphic file (type png)
<use imagens/experiencias/03_atualizada_a_pagina.png>
Package pdftex.def Info: imagens/experiencias/03_atualizada_a_pagina.png  used 
on input line 421.
(pdftex.def)             Requested size: 426.79134pt x 39.12247pt.
<imagens/experiencias/03_atualizada_a_pagina_sql.png, id=293, 1382.5251pt x 385
.9218pt>
File: imagens/experiencias/03_atualizada_a_pagina_sql.png Graphic file (type pn
g)
<use imagens/experiencias/03_atualizada_a_pagina_sql.png>
Package pdftex.def Info: imagens/experiencias/03_atualizada_a_pagina_sql.png  u
sed on input line 428.
(pdftex.def)             Requested size: 455.24408pt x 127.07782pt.
<imagens/experiencias/03_spof.png, id=294, 774.0117pt x 347.6187pt>
File: imagens/experiencias/03_spof.png Graphic file (type png)
<use imagens/experiencias/03_spof.png>
Package pdftex.def Info: imagens/experiencias/03_spof.png  used on input line 4
40.
(pdftex.def)             Requested size: 455.24408pt x 204.45674pt.
[15

 <./imagens/experiencias/03_primeira_conexao_e_query.png (PNG copy)> <./imagens
/experiencias/03_atualizada_a_pagina.png (PNG copy)> <./imagens/experiencias/03
_atualizada_a_pagina_sql.png (PNG copy)>]
<imagens/haproxy_04.png, id=304, 1291.4649pt x 263.7855pt>
File: imagens/haproxy_04.png Graphic file (type png)
<use imagens/haproxy_04.png>
Package pdftex.def Info: imagens/haproxy_04.png  used on input line 451.
(pdftex.def)             Requested size: 398.33858pt x 81.36209pt.
<imagens/keepalived_04.png, id=305, 1325.4318pt x 569.4876pt>
File: imagens/keepalived_04.png Graphic file (type png)
<use imagens/keepalived_04.png>
Package pdftex.def Info: imagens/keepalived_04.png  used on input line 462.
(pdftex.def)             Requested size: 369.88582pt x 158.92537pt.
 [16 <./imagens/experiencias/03_spof.png (PNG copy)> <./imagens/haproxy_04.png 
(PNG copy)>]
<imagens/dbhost_04.png, id=313, 1357.9533pt x 41.1939pt>
File: imagens/dbhost_04.png Graphic file (type png)
<use imagens/dbhost_04.png>
Package pdftex.def Info: imagens/dbhost_04.png  used on input line 474.
(pdftex.def)             Requested size: 483.69684pt x 14.67264pt.

Overfull \hbox (13.94182pt too wide) in paragraph at lines 474--475
 [] 
 []

<imagens/experiencias/04_1.png, id=314, 870.8535pt x 354.8457pt>
File: imagens/experiencias/04_1.png Graphic file (type png)
<use imagens/experiencias/04_1.png>
Package pdftex.def Info: imagens/experiencias/04_1.png  used on input line 482.

(pdftex.def)             Requested size: 455.24408pt x 185.49542pt.
<imagens/experiencias/04_2.png, id=315, 878.0805pt x 346.896pt>
File: imagens/experiencias/04_2.png Graphic file (type png)
<use imagens/experiencias/04_2.png>
Package pdftex.def Info: imagens/experiencias/04_2.png  used on input line 489.

(pdftex.def)             Requested size: 455.24408pt x 179.85234pt.
[17 <./imagens/keepalived_04.png (PNG copy)> <./imagens/dbhost_04.png (PNG copy
)> <./imagens/experiencias/04_1.png (PNG copy)>]
<imagens/experiencias/04_wireshark_1.png, id=321, 689.4558pt x 44.8074pt>
File: imagens/experiencias/04_wireshark_1.png Graphic file (type png)
<use imagens/experiencias/04_wireshark_1.png>
Package pdftex.def Info: imagens/experiencias/04_wireshark_1.png  used on input
 line 504.
(pdftex.def)             Requested size: 455.24408pt x 29.58664pt.
<imagens/experiencias/04_desligado_haproxy03.png, id=322, 1378.9116pt x 316.542
6pt>
File: imagens/experiencias/04_desligado_haproxy03.png Graphic file (type png)
<use imagens/experiencias/04_desligado_haproxy03.png>
Package pdftex.def Info: imagens/experiencias/04_desligado_haproxy03.png  used 
on input line 514.
(pdftex.def)             Requested size: 455.24408pt x 104.50284pt.
<imagens/experiencias/04_reativado_haproxy03.png, id=323, 1374.5754pt x 303.534
pt>
File: imagens/experiencias/04_reativado_haproxy03.png Graphic file (type png)
<use imagens/experiencias/04_reativado_haproxy03.png>
Package pdftex.def Info: imagens/experiencias/04_reativado_haproxy03.png  used 
on input line 525.
(pdftex.def)             Requested size: 455.24408pt x 100.52315pt.
 [18 <./imagens/experiencias/04_2.png (PNG copy)> <./imagens/experiencias/04_wi
reshark_1.png (PNG copy)> <./imagens/experiencias/04_desligado_haproxy03.png (P
NG copy)>] [19 <./imagens/experiencias/04_reativado_haproxy03.png (PNG copy)>]
Cap\'{\i }tulo 3.
[20

]
LaTeX Font Info:    Trying to load font information for T1+cmtt on input line 5
54.
 (/usr/share/texlive/texmf-dist/tex/latex/base/t1cmtt.fd
File: t1cmtt.fd 2019/12/16 v2.5j Standard LaTeX font definitions
)
Underfull \hbox (badness 10000) in paragraph at lines 565--567
\T1/cmtt/m/n/10 https://www.digitalocean.com/community/tutorials/an-introductio
n-to-haproxy-and-load-
 []

[21

] (./relatorio.aux)

LaTeX Warning: There were multiply-defined labels.

Package rerunfilecheck Info: File `relatorio.out' has not changed.
(rerunfilecheck)             Checksum: B605250D64343FE4510C240E4D67A14D;1083.
 ) 
Here is how much of TeX's memory you used:
 9919 strings out of 481232
 158630 string characters out of 5915106
 509005 words of memory out of 5000000
 26550 multiletter control sequences out of 15000+600000
 414728 words of font info for 43 fonts, out of 8000000 for 9000
 16 hyphenation exceptions out of 8191
 71i,5n,77p,459b,498s stack positions out of 5000i,500n,10000p,200000b,80000s
 </home/brun0/.texlive2020/texmf-var/fonts/pk/ljfour/jknappen/ec/ectt1000.600
pk> </home/brun0/.texlive2020/texmf-var/fonts/pk/ljfour/jknappen/ec/ecbi1000.60
0pk> </home/brun0/.texlive2020/texmf-var/fonts/pk/ljfour/jknappen/ec/ecbx1200.6
00pk> </home/brun0/.texlive2020/texmf-var/fonts/pk/ljfour/jknappen/ec/tcrm1000.
600pk> </home/brun0/.texlive2020/texmf-var/fonts/pk/ljfour/jknappen/ec/ecbx1440
.600pk> </home/brun0/.texlive2020/texmf-var/fonts/pk/ljfour/jknappen/ec/ecbx207
4.600pk> </home/brun0/.texlive2020/texmf-var/fonts/pk/ljfour/jknappen/ec/ecti10
00.600pk> </home/brun0/.texlive2020/texmf-var/fonts/pk/ljfour/jknappen/ec/ecbx1
000.600pk> </home/brun0/.texlive2020/texmf-var/fonts/pk/ljfour/jknappen/ec/ecrm
1000.600pk> </home/brun0/.texlive2020/texmf-var/fonts/pk/ljfour/jknappen/ec/ecb
x1728.600pk> </home/brun0/.texlive2020/texmf-var/fonts/pk/ljfour/jknappen/ec/ec
rm1728.600pk> </home/brun0/.texlive2020/texmf-var/fonts/pk/ljfour/jknappen/ec/e
crm2074.600pk> </home/brun0/.texlive2020/texmf-var/fonts/pk/ljfour/jknappen/ec/
ecbx2488.600pk>
Output written on relatorio.pdf (24 pages, 4126658 bytes).
PDF statistics:
 850 PDF objects out of 1000 (max. 8388607)
 358 compressed objects within 4 object streams
 124 named destinations out of 1000 (max. 500000)
 304 words of extra memory for PDF output out of 10000 (max. 10000000)

