This is pdfTeX, Version 3.14159265-2.6-1.40.21 (TeX Live 2020/Debian) (preloaded format=pdflatex 2021.10.18)  15 DEC 2021 15:19
entering extended mode
 restricted \write18 enabled.
 file:line:error style messages enabled.
 %&-line parsing enabled.
**primeira_meta.tex
(./primeira_meta.tex
LaTeX2e <2020-10-01> patch level 4
L3 programming layer <2021-01-09> xparse <2020-03-03>
(/usr/share/texlive/texmf-dist/tex/latex/base/report.cls
Document Class: report 2020/04/10 v1.4m Standard LaTeX document class
(/usr/share/texlive/texmf-dist/tex/latex/base/size10.clo
File: size10.clo 2020/04/10 v1.4m Standard LaTeX file (size option)
)
\c@part=\count177
\c@chapter=\count178
\c@section=\count179
\c@subsection=\count180
\c@subsubsection=\count181
\c@paragraph=\count182
\c@subparagraph=\count183
\c@figure=\count184
\c@table=\count185
\abovecaptionskip=\skip47
\belowcaptionskip=\skip48
\bibindent=\dimen138
)
(/usr/share/texlive/texmf-dist/tex/latex/geometry/geometry.sty
Package: geometry 2020/01/02 v5.9 Page Geometry

(/usr/share/texlive/texmf-dist/tex/latex/graphics/keyval.sty
Package: keyval 2014/10/28 v1.15 key=value parser (DPC)
\KV@toks@=\toks15
)
(/usr/share/texlive/texmf-dist/tex/generic/iftex/ifvtex.sty
Package: ifvtex 2019/10/25 v1.7 ifvtex legacy package. Use iftex instead.

(/usr/share/texlive/texmf-dist/tex/generic/iftex/iftex.sty
Package: iftex 2020/03/06 v1.0d TeX engine tests
))
\Gm@cnth=\count186
\Gm@cntv=\count187
\c@Gm@tempcnt=\count188
\Gm@bindingoffset=\dimen139
\Gm@wd@mp=\dimen140
\Gm@odd@mp=\dimen141
\Gm@even@mp=\dimen142
\Gm@layoutwidth=\dimen143
\Gm@layoutheight=\dimen144
\Gm@layouthoffset=\dimen145
\Gm@layoutvoffset=\dimen146
\Gm@dimlist=\toks16
)
(/usr/share/texlive/texmf-dist/tex/latex/base/fontenc.sty
Package: fontenc 2020/08/10 v2.0s Standard LaTeX package
)
(/usr/share/texlive/texmf-dist/tex/latex/base/inputenc.sty
Package: inputenc 2020/08/01 v1.3d Input encoding file
\inpenc@prehook=\toks17
\inpenc@posthook=\toks18
)
(/usr/share/texlive/texmf-dist/tex/latex/csquotes/csquotes.sty
Package: csquotes 2021-01-04 v5.2k context-sensitive quotations (JAW)

(/usr/share/texlive/texmf-dist/tex/latex/etoolbox/etoolbox.sty
Package: etoolbox 2020/10/05 v2.5k e-TeX tools for LaTeX (JAW)
\etb@tempcnta=\count189
)
\csq@reset=\count190
\csq@gtype=\count191
\csq@glevel=\count192
\csq@qlevel=\count193
\csq@maxlvl=\count194
\csq@tshold=\count195
\csq@ltx@everypar=\toks19

(/usr/share/texlive/texmf-dist/tex/latex/csquotes/csquotes.def
File: csquotes.def 2021-01-04 v5.2k csquotes generic definitions (JAW)
)
Package csquotes Info: Trying to load configuration file 'csquotes.cfg'...
Package csquotes Info: ... configuration file loaded successfully.

(/usr/share/texlive/texmf-dist/tex/latex/csquotes/csquotes.cfg
File: csquotes.cfg 
))
(/usr/share/texlive/texmf-dist/tex/generic/babel/babel.sty
Package: babel 2021/01/26 3.53 The Babel package

(/usr/share/texlive/texmf-dist/tex/generic/babel/babel.def
File: babel.def 2021/01/26 3.53 Babel common definitions
\babel@savecnt=\count196
\U@D=\dimen147
\l@babelnohyphens=\language4

(/usr/share/texlive/texmf-dist/tex/generic/babel/txtbabel.def)
\bbl@readstream=\read2
)
\bbl@dirlevel=\count197

(/usr/share/texlive/texmf-dist/tex/generic/babel-portuges/portuguese.ldf
Language: portuges 2020/05/04 v1.2r Portuguese support from the babel system
Package babel Info: Making " an active character on input line 143.
))
(/usr/share/texlive/texmf-dist/tex/latex/blindtext/blindtext.sty
Package: blindtext 2012/01/06 V2.0 blindtext-Package

(/usr/share/texlive/texmf-dist/tex/latex/tools/xspace.sty
Package: xspace 2014/10/28 v1.13 Space after command names (DPC,MH)
)
\c@blindtext=\count198
\c@Blindtext=\count199
\c@blind@countparstart=\count266
\blind@countxx=\count267
\blindtext@numBlindtext=\count268
\blind@countyy=\count269
\c@blindlist=\count270
\c@blindlistlevel=\count271
\c@blindlist@level=\count272
\blind@listitem=\count273
\c@blind@listcount=\count274
\c@blind@levelcount=\count275
\blind@mathformula=\count276
\blind@Mathformula=\count277
\c@blind@randomcount=\count278
\c@blind@randommax=\count279
\c@blind@pangramcount=\count280
\c@blind@pangrammax=\count281
)
(/usr/share/texlive/texmf-dist/tex/latex/acronym/acronym.sty
Package: acronym 2020/04/17 v1.47 Support for acronyms (Tobias Oetiker)

(/usr/share/texlive/texmf-dist/tex/latex/bigfoot/suffix.sty
Package: suffix 2006/07/15 1.5a Variant command support
)
(/usr/share/texlive/texmf-dist/tex/generic/xstring/xstring.sty
(/usr/share/texlive/texmf-dist/tex/generic/xstring/xstring.tex
\integerpart=\count282
\decimalpart=\count283
)
Package: xstring 2019/02/06 v1.83 String manipulations (CT)
)
\AC@clearlist=\toks20
)
(/usr/share/texlive/texmf-dist/tex/latex/hyperref/hyperref.sty
Package: hyperref 2020-05-15 v7.00e Hypertext links for LaTeX

(/usr/share/texlive/texmf-dist/tex/generic/ltxcmds/ltxcmds.sty
Package: ltxcmds 2020-05-10 v1.25 LaTeX kernel commands for general use (HO)
)
(/usr/share/texlive/texmf-dist/tex/generic/pdftexcmds/pdftexcmds.sty
Package: pdftexcmds 2020-06-27 v0.33 Utility functions of pdfTeX for LuaTeX (HO
)

(/usr/share/texlive/texmf-dist/tex/generic/infwarerr/infwarerr.sty
Package: infwarerr 2019/12/03 v1.5 Providing info/warning/error messages (HO)
)
Package pdftexcmds Info: \pdf@primitive is available.
Package pdftexcmds Info: \pdf@ifprimitive is available.
Package pdftexcmds Info: \pdfdraftmode found.
)
(/usr/share/texlive/texmf-dist/tex/generic/kvsetkeys/kvsetkeys.sty
Package: kvsetkeys 2019/12/15 v1.18 Key value parser (HO)
)
(/usr/share/texlive/texmf-dist/tex/generic/kvdefinekeys/kvdefinekeys.sty
Package: kvdefinekeys 2019-12-19 v1.6 Define keys (HO)
)
(/usr/share/texlive/texmf-dist/tex/generic/pdfescape/pdfescape.sty
Package: pdfescape 2019/12/09 v1.15 Implements pdfTeX's escape features (HO)
)
(/usr/share/texlive/texmf-dist/tex/latex/hycolor/hycolor.sty
Package: hycolor 2020-01-27 v1.10 Color options for hyperref/bookmark (HO)
)
(/usr/share/texlive/texmf-dist/tex/latex/letltxmacro/letltxmacro.sty
Package: letltxmacro 2019/12/03 v1.6 Let assignment for LaTeX macros (HO)
)
(/usr/share/texlive/texmf-dist/tex/latex/auxhook/auxhook.sty
Package: auxhook 2019-12-17 v1.6 Hooks for auxiliary files (HO)
)
(/usr/share/texlive/texmf-dist/tex/latex/kvoptions/kvoptions.sty
Package: kvoptions 2020-10-07 v3.14 Key value format for package options (HO)
)
\@linkdim=\dimen148
\Hy@linkcounter=\count284
\Hy@pagecounter=\count285

(/usr/share/texlive/texmf-dist/tex/latex/hyperref/pd1enc.def
File: pd1enc.def 2020-05-15 v7.00e Hyperref: PDFDocEncoding definition (HO)
Now handling font encoding PD1 ...
... no UTF-8 mapping file for font encoding PD1
)
(/usr/share/texlive/texmf-dist/tex/generic/intcalc/intcalc.sty
Package: intcalc 2019/12/15 v1.3 Expandable calculations with integers (HO)
)
(/usr/share/texlive/texmf-dist/tex/generic/etexcmds/etexcmds.sty
Package: etexcmds 2019/12/15 v1.7 Avoid name clashes with e-TeX commands (HO)
)
\Hy@SavedSpaceFactor=\count286
Package hyperref Info: Hyper figures OFF on input line 4464.
Package hyperref Info: Link nesting OFF on input line 4469.
Package hyperref Info: Hyper index ON on input line 4472.
Package hyperref Info: Plain pages OFF on input line 4479.
Package hyperref Info: Backreferencing OFF on input line 4484.
Package hyperref Info: Implicit mode ON; LaTeX internals redefined.
Package hyperref Info: Bookmarks ON on input line 4717.
\c@Hy@tempcnt=\count287

(/usr/share/texlive/texmf-dist/tex/latex/url/url.sty
\Urlmuskip=\muskip16
Package: url 2013/09/16  ver 3.4  Verb mode for urls, etc.
)
LaTeX Info: Redefining \url on input line 5076.
\XeTeXLinkMargin=\dimen149

(/usr/share/texlive/texmf-dist/tex/generic/bitset/bitset.sty
Package: bitset 2019/12/09 v1.3 Handle bit-vector datatype (HO)

(/usr/share/texlive/texmf-dist/tex/generic/bigintcalc/bigintcalc.sty
Package: bigintcalc 2019/12/15 v1.5 Expandable calculations on big integers (HO
)
))
\Fld@menulength=\count288
\Field@Width=\dimen150
\Fld@charsize=\dimen151
Package hyperref Info: Hyper figures OFF on input line 6347.
Package hyperref Info: Link nesting OFF on input line 6352.
Package hyperref Info: Hyper index ON on input line 6355.
Package hyperref Info: backreferencing OFF on input line 6362.
Package hyperref Info: Link coloring OFF on input line 6367.
Package hyperref Info: Link coloring with OCG OFF on input line 6372.
Package hyperref Info: PDF/A mode OFF on input line 6377.
LaTeX Info: Redefining \ref on input line 6417.
LaTeX Info: Redefining \pageref on input line 6421.

(/usr/share/texlive/texmf-dist/tex/latex/base/atbegshi-ltx.sty
Package: atbegshi-ltx 2020/08/17 v1.0a Emulation of the original atbegshi packa
ge
with kernel methods
)
\Hy@abspage=\count289
\c@Item=\count290
\c@Hfootnote=\count291
)
Package hyperref Info: Driver (autodetected): hpdftex.

(/usr/share/texlive/texmf-dist/tex/latex/hyperref/hpdftex.def
File: hpdftex.def 2020-05-15 v7.00e Hyperref driver for pdfTeX

(/usr/share/texlive/texmf-dist/tex/latex/base/atveryend-ltx.sty
Package: atveryend-ltx 2020/08/19 v1.0a Emulation of the original atvery packag
e
with kernel methods
)
\Fld@listcount=\count292
\c@bookmark@seq@number=\count293

(/usr/share/texlive/texmf-dist/tex/latex/rerunfilecheck/rerunfilecheck.sty
Package: rerunfilecheck 2019/12/05 v1.9 Rerun checks for auxiliary files (HO)

(/usr/share/texlive/texmf-dist/tex/generic/uniquecounter/uniquecounter.sty
Package: uniquecounter 2019/12/15 v1.4 Provide unlimited unique counter (HO)
)
Package uniquecounter Info: New unique counter `rerunfilecheck' on input line 2
86.
)
\Hy@SectionHShift=\skip49
)
(/usr/share/texlive/texmf-dist/tex/latex/graphics/graphicx.sty
Package: graphicx 2020/09/09 v1.2b Enhanced LaTeX Graphics (DPC,SPQR)

(/usr/share/texlive/texmf-dist/tex/latex/graphics/graphics.sty
Package: graphics 2020/08/30 v1.4c Standard LaTeX Graphics (DPC,SPQR)

(/usr/share/texlive/texmf-dist/tex/latex/graphics/trig.sty
Package: trig 2016/01/03 v1.10 sin cos tan (DPC)
)
(/usr/share/texlive/texmf-dist/tex/latex/graphics-cfg/graphics.cfg
File: graphics.cfg 2016/06/04 v1.11 sample graphics configuration
)
Package graphics Info: Driver file: pdftex.def on input line 105.

(/usr/share/texlive/texmf-dist/tex/latex/graphics-def/pdftex.def
File: pdftex.def 2020/10/05 v1.2a Graphics/color driver for pdftex
))
\Gin@req@height=\dimen152
\Gin@req@width=\dimen153
)
(/usr/share/texlive/texmf-dist/tex/latex/caption/subcaption.sty
Package: subcaption 2020/10/07 v1.3j Sub-captions (AR)

(/usr/share/texlive/texmf-dist/tex/latex/caption/caption.sty
Package: caption 2020/10/26 v3.5g Customizing captions (AR)

(/usr/share/texlive/texmf-dist/tex/latex/caption/caption3.sty
Package: caption3 2020/10/21 v2.2e caption3 kernel (AR)
\captionmargin=\dimen154
\captionmargin@=\dimen155
\captionwidth=\dimen156
\caption@tempdima=\dimen157
\caption@indent=\dimen158
\caption@parindent=\dimen159
\caption@hangindent=\dimen160
Package caption Info: Standard document class detected.
)
\c@caption@flags=\count294
\c@continuedfloat=\count295
Package caption Info: hyperref package is loaded.
)
\c@subfigure=\count296
\c@subtable=\count297
)
(/usr/share/texlive/texmf-dist/tex/latex/float/float.sty
Package: float 2001/11/08 v1.3d Float enhancements (AL)
\c@float@type=\count298
\float@exts=\toks21
\float@box=\box47
\@float@everytoks=\toks22
\@floatcapt=\box48
)
(/usr/share/texlive/texmf-dist/tex/latex/listings/listings.sty
\lst@mode=\count299
\lst@gtempboxa=\box49
\lst@token=\toks23
\lst@length=\count300
\lst@currlwidth=\dimen161
\lst@column=\count301
\lst@pos=\count302
\lst@lostspace=\dimen162
\lst@width=\dimen163
\lst@newlines=\count303
\lst@lineno=\count304
\lst@maxwidth=\dimen164

(/usr/share/texlive/texmf-dist/tex/latex/listings/lstmisc.sty
File: lstmisc.sty 2020/03/24 1.8d (Carsten Heinz)
\c@lstnumber=\count305
\lst@skipnumbers=\count306
\lst@framebox=\box50
)
(/usr/share/texlive/texmf-dist/tex/latex/listings/listings.cfg
File: listings.cfg 2020/03/24 1.8d listings configuration
))
Package: listings 2020/03/24 1.8d (Carsten Heinz)

(/usr/share/texlive/texmf-dist/tex/latex/graphics/color.sty
Package: color 2020/02/24 v1.2b Standard LaTeX Color (DPC)

(/usr/share/texlive/texmf-dist/tex/latex/graphics-cfg/color.cfg
File: color.cfg 2016/01/02 v1.6 sample color configuration
)
Package color Info: Driver file: pdftex.def on input line 147.
)
(/usr/share/texlive/texmf-dist/tex/latex/listings/lstlang1.sty
File: lstlang1.sty 2020/03/24 1.8d listings language file
)
Package csquotes Info: Checking for multilingual support...
Package csquotes Info: ... found 'babel' package.
Package csquotes Info: Adjusting default style.
Package csquotes Info: Redefining alias 'default' -> 'portuguese'.

(/usr/share/texlive/texmf-dist/tex/latex/l3backend/l3backend-pdftex.def
File: l3backend-pdftex.def 2020-01-29 L3 backend support: PDF output (pdfTeX)
\l__color_backend_stack_int=\count307
\l__pdf_internal_box=\box51
)
(./primeira_meta.aux

LaTeX Warning: Label `fig.nav' multiply defined.


LaTeX Warning: Label `fig.nav' multiply defined.


LaTeX Warning: Label `fig.nav' multiply defined.


LaTeX Warning: Label `fig.nav' multiply defined.


LaTeX Warning: Label `fig.nav' multiply defined.


LaTeX Warning: Label `fig.nav' multiply defined.


LaTeX Warning: Label `fig.nav' multiply defined.


LaTeX Warning: Label `fig.nav' multiply defined.


LaTeX Warning: Label `fig.nav' multiply defined.


LaTeX Warning: Label `fig.nav' multiply defined.


LaTeX Warning: Label `fig.nav' multiply defined.


LaTeX Warning: Label `fig.nav' multiply defined.


LaTeX Warning: Label `fig.nav' multiply defined.


LaTeX Warning: Label `fig.nav' multiply defined.


LaTeX Warning: Label `fig.nav' multiply defined.


LaTeX Warning: Label `fig.nav' multiply defined.


LaTeX Warning: Label `fig.nav' multiply defined.


LaTeX Warning: Label `fig.nav' multiply defined.

)
\openout1 = `primeira_meta.aux'.

LaTeX Font Info:    Checking defaults for OML/cmm/m/it on input line 39.
LaTeX Font Info:    ... okay on input line 39.
LaTeX Font Info:    Checking defaults for OMS/cmsy/m/n on input line 39.
LaTeX Font Info:    ... okay on input line 39.
LaTeX Font Info:    Checking defaults for OT1/cmr/m/n on input line 39.
LaTeX Font Info:    ... okay on input line 39.
LaTeX Font Info:    Checking defaults for T1/cmr/m/n on input line 39.
LaTeX Font Info:    ... okay on input line 39.
LaTeX Font Info:    Checking defaults for TS1/cmr/m/n on input line 39.
LaTeX Font Info:    ... okay on input line 39.
LaTeX Font Info:    Checking defaults for OMX/cmex/m/n on input line 39.
LaTeX Font Info:    ... okay on input line 39.
LaTeX Font Info:    Checking defaults for U/cmr/m/n on input line 39.
LaTeX Font Info:    ... okay on input line 39.
LaTeX Font Info:    Checking defaults for PD1/pdf/m/n on input line 39.
LaTeX Font Info:    ... okay on input line 39.

*geometry* driver: auto-detecting
*geometry* detected driver: pdftex
*geometry* verbose mode - [ preamble ] result:
* driver: pdftex
* paper: <default>
* layout: <same size as paper>
* layoutoffset:(h,v)=(0.0pt,0.0pt)
* modes: 
* h-part:(L,W,R)=(72.26999pt, 469.75502pt, 72.26999pt)
* v-part:(T,H,B)=(72.26999pt, 650.43001pt, 72.26999pt)
* \paperwidth=614.295pt
* \paperheight=794.96999pt
* \textwidth=469.75502pt
* \textheight=650.43001pt
* \oddsidemargin=0.0pt
* \evensidemargin=0.0pt
* \topmargin=-37.0pt
* \headheight=12.0pt
* \headsep=25.0pt
* \topskip=10.0pt
* \footskip=30.0pt
* \marginparwidth=65.0pt
* \marginparsep=11.0pt
* \columnsep=10.0pt
* \skip\footins=9.0pt plus 4.0pt minus 2.0pt
* \hoffset=0.0pt
* \voffset=0.0pt
* \mag=1000
* \@twocolumnfalse
* \@twosidefalse
* \@mparswitchfalse
* \@reversemarginfalse
* (1in=72.27pt=25.4mm, 1cm=28.453pt)

Package hyperref Info: Link coloring OFF on input line 39.
(/usr/share/texlive/texmf-dist/tex/latex/hyperref/nameref.sty
Package: nameref 2019/09/16 v2.46 Cross-referencing by name of section

(/usr/share/texlive/texmf-dist/tex/latex/refcount/refcount.sty
Package: refcount 2019/12/15 v3.6 Data extraction from label references (HO)
)
(/usr/share/texlive/texmf-dist/tex/generic/gettitlestring/gettitlestring.sty
Package: gettitlestring 2019/12/15 v1.6 Cleanup title references (HO)
)
\c@section@level=\count308
)
LaTeX Info: Redefining \ref on input line 39.
LaTeX Info: Redefining \pageref on input line 39.
LaTeX Info: Redefining \nameref on input line 39.

(./primeira_meta.out) (./primeira_meta.out)
\@outlinefile=\write3
\openout3 = `primeira_meta.out'.


(/usr/share/texlive/texmf-dist/tex/context/base/mkii/supp-pdf.mkii
[Loading MPS to PDF converter (version 2006.09.02).]
\scratchcounter=\count309
\scratchdimen=\dimen165
\scratchbox=\box52
\nofMPsegments=\count310
\nofMParguments=\count311
\everyMPshowfont=\toks24
\MPscratchCnt=\count312
\MPscratchDim=\dimen166
\MPnumerator=\count313
\makeMPintoPDFobject=\count314
\everyMPtoPDFconversion=\toks25
) (/usr/share/texlive/texmf-dist/tex/latex/epstopdf-pkg/epstopdf-base.sty
Package: epstopdf-base 2020-01-24 v2.11 Base part for package epstopdf
Package epstopdf-base Info: Redefining graphics rule for `.eps' on input line 4
85.

(/usr/share/texlive/texmf-dist/tex/latex/latexconfig/epstopdf-sys.cfg
File: epstopdf-sys.cfg 2010/07/13 v1.3 Configuration of (r)epstopdf for TeX Liv
e
))
Package caption Info: Begin \AtBeginDocument code.
Package caption Info: float package is loaded.
Package caption Info: listings package is loaded.
Package caption Info: End \AtBeginDocument code.
\c@lstlisting=\count315
<./imagens//logo-isec.png, id=120, 411.5375pt x 125.46875pt>
File: ./imagens//logo-isec.png Graphic file (type png)
<use ./imagens//logo-isec.png>
Package pdftex.def Info: ./imagens//logo-isec.png  used on input line 42.
(pdftex.def)             Requested size: 281.85587pt x 85.93216pt.

[1

{/var/lib/texmf/fonts/map/pdftex/updmap/pdftex.map} <./imagens//logo-isec.png>]
 (./primeira_meta.toc
LaTeX Font Info:    External font `cmex10' loaded for size
(Font)              <7> on input line 6.
LaTeX Font Info:    External font `cmex10' loaded for size
(Font)              <5> on input line 6.
)
\tf@toc=\write4
\openout4 = `primeira_meta.toc'.

 [1

] (./primeira_meta.lof)
\tf@lof=\write5
\openout5 = `primeira_meta.lof'.

 [2

]
Cap\'{\i }tulo 1.
pdfTeX warning (ext4): destination with the same identifier (name{page.1}) has 
been already used, duplicate ignored
<to be read again> 
                   \relax 
l.91 \chapter
             {Desenvolvimento}\label{Desensolvimento} [1


]
Cap\'{\i }tulo 2.
[2

]
<imagens/aplicacao_web/index.png, id=230, 829.6596pt x 478.4274pt>
File: imagens/aplicacao_web/index.png Graphic file (type png)
<use imagens/aplicacao_web/index.png>
Package pdftex.def Info: imagens/aplicacao_web/index.png  used on input line 15
2.
(pdftex.def)             Requested size: 341.43306pt x 196.88652pt.
<imagens/aplicacao_web/carrinho.png, id=231, 867.24pt x 438.6789pt>
File: imagens/aplicacao_web/carrinho.png Graphic file (type png)
<use imagens/aplicacao_web/carrinho.png>
Package pdftex.def Info: imagens/aplicacao_web/carrinho.png  used on input line
 160.
(pdftex.def)             Requested size: 341.43306pt x 172.71063pt.
 [3 <./imagens/aplicacao_web/index.png (PNG copy)>]
<imagens/haproxy_config.png, id=239, 1105.0083pt x 474.0912pt>
File: imagens/haproxy_config.png Graphic file (type png)
<use imagens/haproxy_config.png>
Package pdftex.def Info: imagens/haproxy_config.png  used on input line 199.
(pdftex.def)             Requested size: 455.24408pt x 195.31184pt.
 [4 <./imagens/aplicacao_web/carrinho.png (PNG copy)>]
<imagens/haproxy_stats.png, id=247, 1144.7568pt x 464.6961pt>
File: imagens/haproxy_stats.png Graphic file (type png)
<use imagens/haproxy_stats.png>
Package pdftex.def Info: imagens/haproxy_stats.png  used on input line 208.
(pdftex.def)             Requested size: 483.69684pt x 196.34808pt.

Overfull \hbox (13.94182pt too wide) in paragraph at lines 208--209
 [] 
 []

<imagens/keepalived_config.png, id=248, 631.6398pt x 527.571pt>
File: imagens/keepalived_config.png Graphic file (type png)
<use imagens/keepalived_config.png>
Package pdftex.def Info: imagens/keepalived_config.png  used on input line 221.

(pdftex.def)             Requested size: 312.9803pt x 261.41814pt.
[5 <./imagens/haproxy_config.png (PNG copy)> <./imagens/haproxy_stats.png (PNG 
copy)>]
Underfull \hbox (badness 10000) in paragraph at lines 226--227

 []

<imagens/experiencias/01_1.png, id=254, 861.4584pt x 471.2004pt>
File: imagens/experiencias/01_1.png Graphic file (type png)
<use imagens/experiencias/01_1.png>
Package pdftex.def Info: imagens/experiencias/01_1.png  used on input line 243.

(pdftex.def)             Requested size: 341.43306pt x 186.75842pt.
[6 <./imagens/keepalived_config.png (PNG copy)>]
<imagens/experiencias/01_wireshark.png, id=261, 993.7125pt x 129.3633pt>
File: imagens/experiencias/01_wireshark.png Graphic file (type png)
<use imagens/experiencias/01_wireshark.png>
Package pdftex.def Info: imagens/experiencias/01_wireshark.png  used on input l
ine 257.
(pdftex.def)             Requested size: 455.24408pt x 59.26503pt.
<imagens/experiencias/01_spof.png, id=262, 950.3505pt x 472.6458pt>
File: imagens/experiencias/01_spof.png Graphic file (type png)
<use imagens/experiencias/01_spof.png>
Package pdftex.def Info: imagens/experiencias/01_spof.png  used on input line 2
73.
(pdftex.def)             Requested size: 341.43306pt x 169.80618pt.
 [7 <./imagens/experiencias/01_1.png (PNG copy)> <./imagens/experiencias/01_wir
eshark.png (PNG copy)>]
<imagens/experiencias/02_01.png, id=270, 829.6596pt x 453.1329pt>
File: imagens/experiencias/02_01.png Graphic file (type png)
<use imagens/experiencias/02_01.png>
Package pdftex.def Info: imagens/experiencias/02_01.png  used on input line 285
.
(pdftex.def)             Requested size: 341.43306pt x 186.47711pt.
<imagens/experiencias/02_02.png, id=271, 824.6007pt x 458.9145pt>
File: imagens/experiencias/02_02.png Graphic file (type png)
<use imagens/experiencias/02_02.png>
Package pdftex.def Info: imagens/experiencias/02_02.png  used on input line 292
.
(pdftex.def)             Requested size: 341.43306pt x 190.01181pt.

[8 <./imagens/experiencias/01_spof.png (PNG copy)> <./imagens/experiencias/02_0
1.png (PNG copy)>]
<imagens/experiencias/02_wireshark.png, id=276, 644.6484pt x 348.3414pt>
File: imagens/experiencias/02_wireshark.png Graphic file (type png)
<use imagens/experiencias/02_wireshark.png>
Package pdftex.def Info: imagens/experiencias/02_wireshark.png  used on input l
ine 304.
(pdftex.def)             Requested size: 341.43306pt x 184.4978pt.
<imagens/experiencias/02_terminal.png, id=277, 969.1407pt x 699.5736pt>
File: imagens/experiencias/02_terminal.png Graphic file (type png)
<use imagens/experiencias/02_terminal.png>
Package pdftex.def Info: imagens/experiencias/02_terminal.png  used on input li
ne 311.
(pdftex.def)             Requested size: 398.33858pt x 287.54222pt.
 [9 <./imagens/experiencias/02_02.png (PNG copy)> <./imagens/experiencias/02_wi
reshark.png (PNG copy)>]
<imagens/experiencias/02_wireshark_haproxy_desligado.png, id=283, 641.7576pt x 
333.1647pt>
File: imagens/experiencias/02_wireshark_haproxy_desligado.png Graphic file (typ
e png)
<use imagens/experiencias/02_wireshark_haproxy_desligado.png>
Package pdftex.def Info: imagens/experiencias/02_wireshark_haproxy_desligado.pn
g  used on input line 322.
(pdftex.def)             Requested size: 341.43306pt x 177.25256pt.
<imagens/experiencias/02_terminal_haproxy_desligado.png, id=284, 782.6841pt x 5
59.3698pt>
File: imagens/experiencias/02_terminal_haproxy_desligado.png Graphic file (type
 png)
<use imagens/experiencias/02_terminal_haproxy_desligado.png>
Package pdftex.def Info: imagens/experiencias/02_terminal_haproxy_desligado.png
  used on input line 329.
(pdftex.def)             Requested size: 398.33858pt x 284.69441pt.
 [10 <./imagens/experiencias/02_terminal.png (PNG copy)> <./imagens/experiencia
s/02_wireshark_haproxy_desligado.png (PNG copy)>]
<imagens/experiencias/02_wireshark_haproxy_retomado.png, id=291, 647.5392pt x 3
25.215pt>
File: imagens/experiencias/02_wireshark_haproxy_retomado.png Graphic file (type
 png)
<use imagens/experiencias/02_wireshark_haproxy_retomado.png>
Package pdftex.def Info: imagens/experiencias/02_wireshark_haproxy_retomado.png
  used on input line 339.
(pdftex.def)             Requested size: 341.43306pt x 171.47981pt.
<imagens/experiencias/02_terminal_haproxy_retomado.png, id=292, 782.6841pt x 56
0.8152pt>
File: imagens/experiencias/02_terminal_haproxy_retomado.png Graphic file (type 
png)
<use imagens/experiencias/02_terminal_haproxy_retomado.png>
Package pdftex.def Info: imagens/experiencias/02_terminal_haproxy_retomado.png 
 used on input line 346.
(pdftex.def)             Requested size: 398.33858pt x 285.43007pt.
 [11 <./imagens/experiencias/02_terminal_haproxy_desligado.png (PNG copy)> <./i
magens/experiencias/02_wireshark_haproxy_retomado.png (PNG copy)>]
<imagens/experiencias/02_spof.png, id=298, 830.3823pt x 469.755pt>
File: imagens/experiencias/02_spof.png Graphic file (type png)
<use imagens/experiencias/02_spof.png>
Package pdftex.def Info: imagens/experiencias/02_spof.png  used on input line 3
57.
(pdftex.def)             Requested size: 341.43306pt x 193.15273pt.

[12 <./imagens/experiencias/02_terminal_haproxy_retomado.png (PNG copy)> <./ima
gens/experiencias/02_spof.png (PNG copy)>]
Cap\'{\i }tulo 3.
<imagens/guiao/estrutura_web.png, id=306, 367.8543pt x 451.6875pt>
File: imagens/guiao/estrutura_web.png Graphic file (type png)
<use imagens/guiao/estrutura_web.png>
Package pdftex.def Info: imagens/guiao/estrutura_web.png  used on input line 38
0.
(pdftex.def)             Requested size: 170.71652pt x 209.62587pt.
[13

 <./imagens/guiao/estrutura_web.png (PNG copy)>]
<imagens/guiao/variaveis_ambiente.png, id=314, 1065.2598pt x 200.9106pt>
File: imagens/guiao/variaveis_ambiente.png Graphic file (type png)
<use imagens/guiao/variaveis_ambiente.png>
Package pdftex.def Info: imagens/guiao/variaveis_ambiente.png  used on input li
ne 391.
(pdftex.def)             Requested size: 426.79134pt x 80.49156pt.
LaTeX Font Info:    Trying to load font information for T1+cmtt on input line 4
01.

(/usr/share/texlive/texmf-dist/tex/latex/base/t1cmtt.fd
File: t1cmtt.fd 2019/12/16 v2.5j Standard LaTeX font definitions
) [14

 <./imagens/guiao/variaveis_ambiente.png (PNG copy)>] [15] [16] [17] [18] [19] 
[20] [21] [22]
[23] [24] [25] (./primeira_meta.aux)

LaTeX Warning: There were multiply-defined labels.

Package rerunfilecheck Info: File `primeira_meta.out' has not changed.
(rerunfilecheck)             Checksum: 72D55B83B126E9ADD72EF4BE5906B466;2057.
 ) 
Here is how much of TeX's memory you used:
 12557 strings out of 481232
 191954 string characters out of 5915106
 798415 words of memory out of 5000000
 28632 multiletter control sequences out of 15000+600000
 415493 words of font info for 44 fonts, out of 8000000 for 9000
 16 hyphenation exceptions out of 8191
 71i,6n,77p,463b,2105s stack positions out of 5000i,500n,10000p,200000b,80000s
 </home/brun0/.texlive2020/texmf-var/fonts/pk/ljfour/jknappen/ec/ectt0900.600
pk> </home/brun0/.texlive2020/texmf-var/fonts/pk/ljfour/jknappen/ec/ecbi1000.60
0pk> </home/brun0/.texlive2020/texmf-var/fonts/pk/ljfour/jknappen/ec/ecbx1200.6
00pk> </home/brun0/.texlive2020/texmf-var/fonts/pk/ljfour/jknappen/ec/tcrm1000.
600pk> </home/brun0/.texlive2020/texmf-var/fonts/pk/ljfour/jknappen/ec/ecbx1440
.600pk> </home/brun0/.texlive2020/texmf-var/fonts/pk/ljfour/jknappen/ec/ecbx207
4.600pk> </home/brun0/.texlive2020/texmf-var/fonts/pk/ljfour/jknappen/ec/ecti10
00.600pk> </home/brun0/.texlive2020/texmf-var/fonts/pk/ljfour/jknappen/ec/ecbx1
000.600pk> </home/brun0/.texlive2020/texmf-var/fonts/pk/ljfour/jknappen/ec/ecrm
1000.600pk> </home/brun0/.texlive2020/texmf-var/fonts/pk/ljfour/jknappen/ec/ecb
x1728.600pk> </home/brun0/.texlive2020/texmf-var/fonts/pk/ljfour/jknappen/ec/ec
rm1728.600pk> </home/brun0/.texlive2020/texmf-var/fonts/pk/ljfour/jknappen/ec/e
crm2074.600pk> </home/brun0/.texlive2020/texmf-var/fonts/pk/ljfour/jknappen/ec/
ecbx2488.600pk>
Output written on primeira_meta.pdf (28 pages, 2875508 bytes).
PDF statistics:
 1614 PDF objects out of 1728 (max. 8388607)
 1064 compressed objects within 11 object streams
 673 named destinations out of 1000 (max. 500000)
 333 words of extra memory for PDF output out of 10000 (max. 10000000)

