\BOOKMARK [0][-]{chapter.1}{Introdu\347\343o}{}% 1
\BOOKMARK [0][-]{chapter.2}{Desenvolvimento}{}% 2
\BOOKMARK [1][-]{section.2.1}{Descri\347\343o das tecnologias usadas}{chapter.2}% 3
\BOOKMARK [1][-]{section.2.2}{Flask, MariaDB e Galera Cluster}{chapter.2}% 4
\BOOKMARK [1][-]{section.2.3}{HAProxy}{chapter.2}% 5
\BOOKMARK [1][-]{section.2.4}{KeepAlived}{chapter.2}% 6
\BOOKMARK [1][-]{section.2.5}{Ambiente para as experi\352ncias}{chapter.2}% 7
\BOOKMARK [2][-]{subsection.2.5.1}{Aplica\347\343o Web}{section.2.5}% 8
\BOOKMARK [2][-]{subsection.2.5.2}{Configura\347\343o do HAProxy}{section.2.5}% 9
\BOOKMARK [2][-]{subsection.2.5.3}{Configura\347\343o do KeepAlived}{section.2.5}% 10
\BOOKMARK [1][-]{section.2.6}{Experi\352ncias}{chapter.2}% 11
\BOOKMARK [2][-]{subsection.2.6.1}{Experi\352ncia 01}{section.2.6}% 12
\BOOKMARK [2][-]{subsection.2.6.2}{Experi\352ncia 02}{section.2.6}% 13
\BOOKMARK [0][-]{chapter.3}{Gui\343o}{}% 14
\BOOKMARK [1][-]{section.3.1}{HAProxy e KeepAlived}{chapter.3}% 15
\BOOKMARK [1][-]{section.3.2}{Aplica\347\343o Web}{chapter.3}% 16
\BOOKMARK [2][-]{subsection.3.2.1}{Estrutura da aplica\347\343o}{section.3.2}% 17
\BOOKMARK [2][-]{subsection.3.2.2}{Vari\341veis de ambiente usadas}{section.3.2}% 18
\BOOKMARK [2][-]{subsection.3.2.3}{requirements.txt}{section.3.2}% 19
\BOOKMARK [2][-]{subsection.3.2.4}{sync\137between\137webservers.sh}{section.3.2}% 20
\BOOKMARK [2][-]{subsection.3.2.5}{flask\137app}{section.3.2}% 21
\BOOKMARK [2][-]{subsection.3.2.6}{app}{section.3.2}% 22
\BOOKMARK [2][-]{subsection.3.2.7}{static}{section.3.2}% 23
\BOOKMARK [2][-]{subsection.3.2.8}{templates}{section.3.2}% 24
\BOOKMARK [1][-]{section.3.3}{Base de Dados}{chapter.3}% 25
\BOOKMARK [2][-]{subsection.3.3.1}{Cria\347\343o da base de dados}{section.3.3}% 26
\BOOKMARK [2][-]{subsection.3.3.2}{Cria\347\343o das tabelas}{section.3.3}% 27
\BOOKMARK [2][-]{subsection.3.3.3}{Inser\347\343o de dados nas tabelas}{section.3.3}% 28
\BOOKMARK [2][-]{subsection.3.3.4}{Selecionar todos os artigos do carrinho do Cliente 1}{section.3.3}% 29
